<?xml version="1.0" encoding="UTF-8"?>
<!-- Generated by org.testng.reporters.JUnitReportReporter -->
<testsuite skipped="0" hostname="Prabodh-PC" name="tests.DeleteBook" tests="1" failures="0" timestamp="27 Jan 2019 14:38:45 GMT" time="4.252" errors="0">
  <testcase name="verifyDeleteBook" time="4.252" classname="tests.DeleteBook"/>
</testsuite> <!-- tests.DeleteBook -->
