<?xml version="1.0" encoding="UTF-8"?>
<!-- Generated by org.testng.reporters.JUnitReportReporter -->
<testsuite skipped="0" hostname="Prabodh-PC" name="tests.AddBook" tests="1" failures="0" timestamp="27 Jan 2019 14:37:35 GMT" time="10.885" errors="0">
  <testcase name="verifyAddingBooks" time="10.885" classname="tests.AddBook"/>
</testsuite> <!-- tests.AddBook -->
